<?xml version="1.0" encoding="UTF-8"?>
<!-- Generated by org.testng.reporters.JUnitXMLReporter -->
<testsuite ignored="0" hostname="DESKTOP-9538315" failures="0" tests="4" name="Test1" time="35.443" errors="0" timestamp="2023-08-02T19:54:08 IST">
  <testcase classname="testNg.parallel" name="A" time="12.133"/>
  <testcase classname="testNg.parallel" name="B" time="8.483"/>
  <testcase classname="testNg.parallel" name="C" time="8.48"/>
  <testcase classname="testNg.parallel" name="D" time="6.238"/>
</testsuite> <!-- Test1 -->
