<?xml version="1.0" encoding="UTF-8"?>
<!-- Generated by org.testng.reporters.JUnitXMLReporter -->
<testsuite ignored="4" hostname="DESKTOP-9538315" failures="0" tests="4" name="Test" time="0.143" errors="0" timestamp="2023-07-08T15:44:36 IST">
  <testcase classname="testNg.Mytestclass1" name="myTestMethod1" time="0.011"/>
  <testcase classname="testNg.Mytestclass1" name="myTestMethod2" time="0.005"/>
  <testcase classname="testNg.Mytestclass2" name="myTestMethod3" time="0.006"/>
  <testcase classname="testNg.Mytestclass2" name="myTestMethod4" time="0.002"/>
  <testcase classname="testNg.TestNGannotations" name="@BeforeSuite beforeSuite" time="0.0">
    <ignored/>
  </testcase> <!-- @BeforeSuite beforeSuite -->
  <testcase classname="testNg.TestNGannotations" name="@BeforeTest beforeTest" time="0.0">
    <ignored/>
  </testcase> <!-- @BeforeTest beforeTest -->
  <testcase classname="testNg.TestNGannotations" name="@AfterTest afterTest" time="0.0">
    <ignored/>
  </testcase> <!-- @AfterTest afterTest -->
  <testcase classname="testNg.TestNGannotations" name="@AfterSuite afterSuite" time="0.0">
    <ignored/>
  </testcase> <!-- @AfterSuite afterSuite -->
</testsuite> <!-- Test -->
