<?xml version="1.0" encoding="UTF-8"?>
<!-- Generated by org.testng.reporters.JUnitXMLReporter -->
<testsuite ignored="0" hostname="DESKTOP-9538315" failures="0" tests="4" name="Parallel Testing" time="74.6" errors="0" timestamp="2023-07-12T16:02:20 IST">
  <testcase classname="testNg.parallel" name="method1" time="8.853"/>
  <testcase classname="testNg.parallel" name="method2" time="13.001"/>
  <testcase classname="testNg.parallel" name="method3" time="24.529"/>
  <testcase classname="testNg.parallel" name="method4" time="28.132"/>
</testsuite> <!-- Parallel Testing -->
